# JRE version: Java(TM) SE Runtime Environment (17.0.12+8) (build 17.0.12+8-LTS-286)
# Java VM: Java HotSpot(TM) 64-Bit Server VM (17.0.12+8-LTS-286, mixed mode, emulated-client, sharing, tiered, compressed oops, compressed class ptrs, g1 gc, windows-amd64)
GC Precious Log:
 CPUs: 2 total, 2 available
 Memory: 7832M
 Large Page Support: Disabled
 NUMA Support: Disabled
 Compressed Oops: Enabled (32-bit)
 Heap Region Size: 1M
 Heap Min Capacity: 8M
 Heap Initial Capacity: 124M
 Heap Max Capacity: 1960M
 Pre-touch: Disabled
 Parallel Workers: 2
 Concurrent Workers: 1
 Concurrent Refinement Workers: 2
 Periodic GC: Disabled
Heap:
 garbage-first heap   total 91136K, used 43287K [0x0000000085800000, 0x0000000100000000)
  region size 1024K, 4 young (4096K), 4 survivors (4096K)
 Metaspace       used 64267K, committed 64832K, reserved 1114112K
  class space    used 9421K, committed 9664K, reserved 1048576K
GC Heap History (20 events):
Event: 10.550 GC heap after
{Heap after GC invocations=10 (full 0):
 garbage-first heap   total 75776K, used 25800K [0x0000000085800000, 0x0000000100000000)
  region size 1024K, 5 young (5120K), 5 survivors (5120K)
 Metaspace       used 30590K, committed 31040K, reserved 1114112K
  class space    used 4379K, committed 4608K, reserved 1048576K
}
Event: 11.106 GC heap before
{Heap before GC invocations=10 (full 0):
 garbage-first heap   total 75776K, used 61640K [0x0000000085800000, 0x0000000100000000)
  region size 1024K, 36 young (36864K), 5 survivors (5120K)
 Metaspace       used 32234K, committed 32768K, reserved 1114112K
  class space    used 4556K, committed 4800K, reserved 1048576K
}
Event: 11.127 GC heap after
{Heap after GC invocations=11 (full 0):
 garbage-first heap   total 75776K, used 29625K [0x0000000085800000, 0x0000000100000000)
  region size 1024K, 4 young (4096K), 4 survivors (4096K)
 Metaspace       used 32234K, committed 32768K, reserved 1114112K
  class space    used 4556K, committed 4800K, reserved 1048576K
}
Event: 12.109 GC heap before
{Heap before GC invocations=11 (full 0):
 garbage-first heap   total 75776K, used 59321K [0x0000000085800000, 0x0000000100000000)
  region size 1024K, 32 young (32768K), 4 survivors (4096K)
 Metaspace       used 34497K, committed 34944K, reserved 1114112K
  class space    used 4882K, committed 5120K, reserved 1048576K
}
Event: 12.123 GC heap after
{Heap after GC invocations=12 (full 0):
 garbage-first heap   total 91136K, used 31180K [0x0000000085800000, 0x0000000100000000)
  region size 1024K, 2 young (2048K), 2 survivors (2048K)
 Metaspace       used 34497K, committed 34944K, reserved 1114112K
  class space    used 4882K, committed 5120K, reserved 1048576K
}
Event: 12.382 GC heap before
{Heap before GC invocations=12 (full 0):
 garbage-first heap   total 91136K, used 40396K [0x0000000085800000, 0x0000000100000000)
  region size 1024K, 12 young (12288K), 2 survivors (2048K)
 Metaspace       used 35540K, committed 35968K, reserved 1114112K
  class space    used 5016K, committed 5248K, reserved 1048576K
}
Event: 12.394 GC heap after
{Heap after GC invocations=13 (full 0):
 garbage-first heap   total 91136K, used 31423K [0x0000000085800000, 0x0000000100000000)
  region size 1024K, 2 young (2048K), 2 survivors (2048K)
 Metaspace       used 35540K, committed 35968K, reserved 1114112K
  class space    used 5016K, committed 5248K, reserved 1048576K
}
Event: 17.607 GC heap before
{Heap before GC invocations=14 (full 0):
 garbage-first heap   total 91136K, used 72383K [0x0000000085800000, 0x0000000100000000)
  region size 1024K, 42 young (43008K), 2 survivors (2048K)
 Metaspace       used 44778K, committed 45248K, reserved 1114112K
  class space    used 6417K, committed 6656K, reserved 1048576K
}
Event: 17.624 GC heap after
{Heap after GC invocations=15 (full 0):
 garbage-first heap   total 91136K, used 33660K [0x0000000085800000, 0x0000000100000000)
  region size 1024K, 5 young (5120K), 5 survivors (5120K)
 Metaspace       used 44778K, committed 45248K, reserved 1114112K
  class space    used 6417K, committed 6656K, reserved 1048576K
}
Event: 17.683 GC heap before
{Heap before GC invocations=15 (full 0):
 garbage-first heap   total 91136K, used 33660K [0x0000000085800000, 0x0000000100000000)
  region size 1024K, 6 young (6144K), 5 survivors (5120K)
 Metaspace       used 44986K, committed 45440K, reserved 1114112K
  class space    used 6461K, committed 6656K, reserved 1048576K
}
Event: 17.703 GC heap after
{Heap after GC invocations=16 (full 0):
 garbage-first heap   total 91136K, used 33874K [0x0000000085800000, 0x0000000100000000)
  region size 1024K, 1 young (1024K), 1 survivors (1024K)
 Metaspace       used 44986K, committed 45440K, reserved 1114112K
  class space    used 6461K, committed 6656K, reserved 1048576K
}
Event: 21.378 GC heap before
{Heap before GC invocations=16 (full 0):
 garbage-first heap   total 91136K, used 72786K [0x0000000085800000, 0x0000000100000000)
  region size 1024K, 39 young (39936K), 1 survivors (1024K)
 Metaspace       used 54049K, committed 54592K, reserved 1114112K
  class space    used 7842K, committed 8128K, reserved 1048576K
}
Event: 21.387 GC heap after
{Heap after GC invocations=17 (full 0):
 garbage-first heap   total 91136K, used 34960K [0x0000000085800000, 0x0000000100000000)
  region size 1024K, 2 young (2048K), 2 survivors (2048K)
 Metaspace       used 54049K, committed 54592K, reserved 1114112K
  class space    used 7842K, committed 8128K, reserved 1048576K
}
Event: 24.964 GC heap before
{Heap before GC invocations=17 (full 0):
 garbage-first heap   total 91136K, used 69776K [0x0000000085800000, 0x0000000100000000)
  region size 1024K, 37 young (37888K), 2 survivors (2048K)
 Metaspace       used 59887K, committed 60416K, reserved 1114112K
  class space    used 8633K, committed 8896K, reserved 1048576K
}
Event: 24.982 GC heap after
{Heap after GC invocations=18 (full 0):
 garbage-first heap   total 91136K, used 37024K [0x0000000085800000, 0x0000000100000000)
  region size 1024K, 4 young (4096K), 4 survivors (4096K)
 Metaspace       used 59887K, committed 60416K, reserved 1114112K
  class space    used 8633K, committed 8896K, reserved 1048576K
}
Event: 26.392 GC heap before
{Heap before GC invocations=19 (full 0):
 garbage-first heap   total 91136K, used 73888K [0x0000000085800000, 0x0000000100000000)
  region size 1024K, 40 young (40960K), 4 survivors (4096K)
 Metaspace       used 61353K, committed 61888K, reserved 1114112K
  class space    used 8940K, committed 9216K, reserved 1048576K
}
Event: 26.413 GC heap after
{Heap after GC invocations=20 (full 0):
 garbage-first heap   total 91136K, used 39870K [0x0000000085800000, 0x0000000100000000)
  region size 1024K, 5 young (5120K), 5 survivors (5120K)
 Metaspace       used 61353K, committed 61888K, reserved 1114112K
  class space    used 8940K, committed 9216K, reserved 1048576K
}
Event: 29.495 GC heap before
{Heap before GC invocations=20 (full 0):
 garbage-first heap   total 91136K, used 73662K [0x0000000085800000, 0x0000000100000000)
  region size 1024K, 38 young (38912K), 5 survivors (5120K)
 Metaspace       used 62867K, committed 63488K, reserved 1114112K
  class space    used 9188K, committed 9472K, reserved 1048576K
}
Event: 29.533 GC heap after
{Heap after GC invocations=21 (full 0):
 garbage-first heap   total 91136K, used 41307K [0x0000000085800000, 0x0000000100000000)
  region size 1024K, 5 young (5120K), 5 survivors (5120K)
 Metaspace       used 62867K, committed 63488K, reserved 1114112K
  class space    used 9188K, committed 9472K, reserved 1048576K
}
Event: 31.062 GC heap before
{Heap before GC invocations=21 (full 0):
 garbage-first heap   total 91136K, used 75099K [0x0000000085800000, 0x0000000100000000)
  region size 1024K, 38 young (38912K), 5 survivors (5120K)
 Metaspace       used 64267K, committed 64832K, reserved 1114112K
  class space    used 9421K, committed 9664K, reserved 1048576K
}

