# JRE version: Java(TM) SE Runtime Environment (17.0.12+8) (build 17.0.12+8-LTS-286)
# Java VM: Java HotSpot(TM) 64-Bit Server VM (17.0.12+8-LTS-286, mixed mode, sharing, tiered, compressed oops, compressed class ptrs, g1 gc, windows-amd64)
GC Precious Log:
 CPUs: 2 total, 2 available
 Memory: 7832M
 Large Page Support: Disabled
 NUMA Support: Disabled
 Compressed Oops: Enabled (32-bit)
 Heap Region Size: 1M
 Heap Min Capacity: 8M
 Heap Initial Capacity: 124M
 Heap Max Capacity: 1960M
 Pre-touch: Disabled
 Parallel Workers: 2
 Concurrent Workers: 1
 Concurrent Refinement Workers: 2
 Periodic GC: Disabled
Heap:
 garbage-first heap   total 96256K, used 52185K [0x0000000085800000, 0x0000000100000000)
  region size 1024K, 28 young (28672K), 6 survivors (6144K)
 Metaspace       used 50753K, committed 51200K, reserved 1114112K
  class space    used 6849K, committed 7040K, reserved 1048576K
GC Heap History (20 events):
Event: 0.680 GC heap before
{Heap before GC invocations=1 (full 0):
 garbage-first heap   total 126976K, used 11114K [0x0000000085800000, 0x0000000100000000)
  region size 1024K, 6 young (6144K), 1 survivors (1024K)
 Metaspace       used 1073K, committed 1216K, reserved 1114112K
  class space    used 83K, committed 128K, reserved 1048576K
}
Event: 0.688 GC heap after
{Heap after GC invocations=2 (full 0):
 garbage-first heap   total 126976K, used 9406K [0x0000000085800000, 0x0000000100000000)
  region size 1024K, 1 young (1024K), 1 survivors (1024K)
 Metaspace       used 1073K, committed 1216K, reserved 1114112K
  class space    used 83K, committed 128K, reserved 1048576K
}
Event: 1.181 GC heap before
{Heap before GC invocations=2 (full 0):
 garbage-first heap   total 126976K, used 14526K [0x0000000085800000, 0x0000000100000000)
  region size 1024K, 7 young (7168K), 1 survivors (1024K)
 Metaspace       used 2668K, committed 2880K, reserved 1114112K
  class space    used 266K, committed 384K, reserved 1048576K
}
Event: 1.186 GC heap after
{Heap after GC invocations=3 (full 0):
 garbage-first heap   total 126976K, used 11122K [0x0000000085800000, 0x0000000100000000)
  region size 1024K, 1 young (1024K), 1 survivors (1024K)
 Metaspace       used 2668K, committed 2880K, reserved 1114112K
  class space    used 266K, committed 384K, reserved 1048576K
}
Event: 2.307 GC heap before
{Heap before GC invocations=3 (full 0):
 garbage-first heap   total 126976K, used 23410K [0x0000000085800000, 0x0000000100000000)
  region size 1024K, 13 young (13312K), 1 survivors (1024K)
 Metaspace       used 5821K, committed 5952K, reserved 1114112K
  class space    used 717K, committed 768K, reserved 1048576K
}
Event: 2.313 GC heap after
{Heap after GC invocations=4 (full 0):
 garbage-first heap   total 126976K, used 11867K [0x0000000085800000, 0x0000000100000000)
  region size 1024K, 2 young (2048K), 2 survivors (2048K)
 Metaspace       used 5821K, committed 5952K, reserved 1114112K
  class space    used 717K, committed 768K, reserved 1048576K
}
Event: 12.698 GC heap before
{Heap before GC invocations=4 (full 0):
 garbage-first heap   total 126976K, used 88667K [0x0000000085800000, 0x0000000100000000)
  region size 1024K, 74 young (75776K), 2 survivors (2048K)
 Metaspace       used 21159K, committed 21440K, reserved 1114112K
  class space    used 2694K, committed 2816K, reserved 1048576K
}
Event: 12.729 GC heap after
{Heap after GC invocations=5 (full 0):
 garbage-first heap   total 126976K, used 18636K [0x0000000085800000, 0x0000000100000000)
  region size 1024K, 9 young (9216K), 9 survivors (9216K)
 Metaspace       used 21159K, committed 21440K, reserved 1114112K
  class space    used 2694K, committed 2816K, reserved 1048576K
}
Event: 12.749 GC heap before
{Heap before GC invocations=5 (full 0):
 garbage-first heap   total 126976K, used 19660K [0x0000000085800000, 0x0000000100000000)
  region size 1024K, 11 young (11264K), 9 survivors (9216K)
 Metaspace       used 21279K, committed 21504K, reserved 1114112K
  class space    used 2710K, committed 2816K, reserved 1048576K
}
Event: 12.770 GC heap after
{Heap after GC invocations=6 (full 0):
 garbage-first heap   total 126976K, used 19644K [0x0000000085800000, 0x0000000100000000)
  region size 1024K, 1 young (1024K), 1 survivors (1024K)
 Metaspace       used 21279K, committed 21504K, reserved 1114112K
  class space    used 2710K, committed 2816K, reserved 1048576K
}
Event: 15.151 GC heap before
{Heap before GC invocations=7 (full 0):
 garbage-first heap   total 71680K, used 60604K [0x0000000085800000, 0x0000000100000000)
  region size 1024K, 42 young (43008K), 1 survivors (1024K)
 Metaspace       used 26163K, committed 26496K, reserved 1114112K
  class space    used 3295K, committed 3456K, reserved 1048576K
}
Event: 15.166 GC heap after
{Heap after GC invocations=8 (full 0):
 garbage-first heap   total 71680K, used 22883K [0x0000000085800000, 0x0000000100000000)
  region size 1024K, 5 young (5120K), 5 survivors (5120K)
 Metaspace       used 26163K, committed 26496K, reserved 1114112K
  class space    used 3295K, committed 3456K, reserved 1048576K
}
Event: 15.231 GC heap before
{Heap before GC invocations=8 (full 0):
 garbage-first heap   total 71680K, used 23907K [0x0000000085800000, 0x0000000100000000)
  region size 1024K, 6 young (6144K), 5 survivors (5120K)
 Metaspace       used 26203K, committed 26496K, reserved 1114112K
  class space    used 3298K, committed 3456K, reserved 1048576K
}
Event: 15.241 GC heap after
{Heap after GC invocations=9 (full 0):
 garbage-first heap   total 71680K, used 23504K [0x0000000085800000, 0x0000000100000000)
  region size 1024K, 1 young (1024K), 1 survivors (1024K)
 Metaspace       used 26203K, committed 26496K, reserved 1114112K
  class space    used 3298K, committed 3456K, reserved 1048576K
}
Event: 17.531 GC heap before
{Heap before GC invocations=9 (full 0):
 garbage-first heap   total 71680K, used 54224K [0x0000000085800000, 0x0000000100000000)
  region size 1024K, 31 young (31744K), 1 survivors (1024K)
 Metaspace       used 28905K, committed 29248K, reserved 1114112K
  class space    used 3692K, committed 3840K, reserved 1048576K
}
Event: 17.540 GC heap after
{Heap after GC invocations=10 (full 0):
 garbage-first heap   total 112640K, used 25140K [0x0000000085800000, 0x0000000100000000)
  region size 1024K, 3 young (3072K), 3 survivors (3072K)
 Metaspace       used 28905K, committed 29248K, reserved 1114112K
  class space    used 3692K, committed 3840K, reserved 1048576K
}
Event: 21.526 GC heap before
{Heap before GC invocations=10 (full 0):
 garbage-first heap   total 112640K, used 69172K [0x0000000085800000, 0x0000000100000000)
  region size 1024K, 47 young (48128K), 3 survivors (3072K)
 Metaspace       used 35902K, committed 36288K, reserved 1114112K
  class space    used 4733K, committed 4928K, reserved 1048576K
}
Event: 21.545 GC heap after
{Heap after GC invocations=11 (full 0):
 garbage-first heap   total 112640K, used 27939K [0x0000000085800000, 0x0000000100000000)
  region size 1024K, 5 young (5120K), 5 survivors (5120K)
 Metaspace       used 35902K, committed 36288K, reserved 1114112K
  class space    used 4733K, committed 4928K, reserved 1048576K
}
Event: 26.562 GC heap before
{Heap before GC invocations=12 (full 0):
 garbage-first heap   total 96256K, used 79872K [0x0000000085800000, 0x0000000100000000)
  region size 1024K, 56 young (57344K), 5 survivors (5120K)
 Metaspace       used 46076K, committed 46528K, reserved 1114112K
  class space    used 6241K, committed 6464K, reserved 1048576K
}
Event: 26.587 GC heap after
{Heap after GC invocations=13 (full 0):
 garbage-first heap   total 96256K, used 30681K [0x0000000085800000, 0x0000000100000000)
  region size 1024K, 6 young (6144K), 6 survivors (6144K)
 Metaspace       used 46076K, committed 46528K, reserved 1114112K
  class space    used 6241K, committed 6464K, reserved 1048576K
}

