# JRE version: Java(TM) SE Runtime Environment (17.0.12+8) (build 17.0.12+8-LTS-286)
# Java VM: Java HotSpot(TM) 64-Bit Server VM (17.0.12+8-LTS-286, mixed mode, sharing, tiered, compressed oops, compressed class ptrs, g1 gc, windows-amd64)
GC Precious Log:
 CPUs: 2 total, 2 available
 Memory: 7832M
 Large Page Support: Disabled
 NUMA Support: Disabled
 Compressed Oops: Enabled (32-bit)
 Heap Region Size: 1M
 Heap Min Capacity: 8M
 Heap Initial Capacity: 124M
 Heap Max Capacity: 1960M
 Pre-touch: Disabled
 Parallel Workers: 2
 Concurrent Workers: 1
 Concurrent Refinement Workers: 2
 Periodic GC: Disabled
Heap:
 garbage-first heap   total 211968K, used 61159K [0x0000000085800000, 0x0000000100000000)
  region size 1024K, 6 young (6144K), 3 survivors (3072K)
 Metaspace       used 30508K, committed 30848K, reserved 1114112K
  class space    used 3380K, committed 3520K, reserved 1048576K
GC Heap History (20 events):
Event: 14.811 GC heap before
{Heap before GC invocations=8 (full 0):
 garbage-first heap   total 102400K, used 84024K [0x0000000085800000, 0x0000000100000000)
  region size 1024K, 58 young (59392K), 6 survivors (6144K)
 Metaspace       used 23910K, committed 24192K, reserved 1114112K
  class space    used 2673K, committed 2752K, reserved 1048576K
}
Event: 14.867 GC heap after
{Heap after GC invocations=9 (full 0):
 garbage-first heap   total 105472K, used 43384K [0x0000000085800000, 0x0000000100000000)
  region size 1024K, 8 young (8192K), 8 survivors (8192K)
 Metaspace       used 23910K, committed 24192K, reserved 1114112K
  class space    used 2673K, committed 2752K, reserved 1048576K
}
Event: 17.175 GC heap before
{Heap before GC invocations=9 (full 0):
 garbage-first heap   total 105472K, used 75128K [0x0000000085800000, 0x0000000100000000)
  region size 1024K, 40 young (40960K), 8 survivors (8192K)
 Metaspace       used 25898K, committed 26240K, reserved 1114112K
  class space    used 2905K, committed 3072K, reserved 1048576K
}
Event: 17.193 GC heap after
{Heap after GC invocations=10 (full 0):
 garbage-first heap   total 105472K, used 45432K [0x0000000085800000, 0x0000000100000000)
  region size 1024K, 2 young (2048K), 2 survivors (2048K)
 Metaspace       used 25898K, committed 26240K, reserved 1114112K
  class space    used 2905K, committed 3072K, reserved 1048576K
}
Event: 19.487 GC heap before
{Heap before GC invocations=10 (full 0):
 garbage-first heap   total 105472K, used 75128K [0x0000000085800000, 0x0000000100000000)
  region size 1024K, 31 young (31744K), 2 survivors (2048K)
 Metaspace       used 27591K, committed 27968K, reserved 1114112K
  class space    used 3075K, committed 3264K, reserved 1048576K
}
Event: 19.498 GC heap after
{Heap after GC invocations=11 (full 0):
 garbage-first heap   total 105472K, used 46435K [0x0000000085800000, 0x0000000100000000)
  region size 1024K, 3 young (3072K), 3 survivors (3072K)
 Metaspace       used 27591K, committed 27968K, reserved 1114112K
  class space    used 3075K, committed 3264K, reserved 1048576K
}
Event: 19.807 GC heap before
{Heap before GC invocations=11 (full 0):
 garbage-first heap   total 105472K, used 57699K [0x0000000085800000, 0x0000000100000000)
  region size 1024K, 13 young (13312K), 3 survivors (3072K)
 Metaspace       used 27633K, committed 27968K, reserved 1114112K
  class space    used 3076K, committed 3264K, reserved 1048576K
}
Event: 19.825 GC heap after
{Heap after GC invocations=12 (full 0):
 garbage-first heap   total 105472K, used 54087K [0x0000000085800000, 0x0000000100000000)
  region size 1024K, 5 young (5120K), 5 survivors (5120K)
 Metaspace       used 27633K, committed 27968K, reserved 1114112K
  class space    used 3076K, committed 3264K, reserved 1048576K
}
Event: 20.455 GC heap before
{Heap before GC invocations=13 (full 0):
 garbage-first heap   total 105472K, used 73543K [0x0000000085800000, 0x0000000100000000)
  region size 1024K, 23 young (23552K), 5 survivors (5120K)
 Metaspace       used 27633K, committed 27968K, reserved 1114112K
  class space    used 3076K, committed 3264K, reserved 1048576K
}
Event: 20.479 GC heap after
{Heap after GC invocations=14 (full 0):
 garbage-first heap   total 105472K, used 63285K [0x0000000085800000, 0x0000000100000000)
  region size 1024K, 3 young (3072K), 3 survivors (3072K)
 Metaspace       used 27633K, committed 27968K, reserved 1114112K
  class space    used 3076K, committed 3264K, reserved 1048576K
}
Event: 20.496 GC heap before
{Heap before GC invocations=14 (full 0):
 garbage-first heap   total 105472K, used 65333K [0x0000000085800000, 0x0000000100000000)
  region size 1024K, 5 young (5120K), 3 survivors (3072K)
 Metaspace       used 27633K, committed 27968K, reserved 1114112K
  class space    used 3076K, committed 3264K, reserved 1048576K
}
Event: 20.508 GC heap after
{Heap after GC invocations=15 (full 0):
 garbage-first heap   total 105472K, used 57856K [0x0000000085800000, 0x0000000100000000)
  region size 1024K, 1 young (1024K), 1 survivors (1024K)
 Metaspace       used 27633K, committed 27968K, reserved 1114112K
  class space    used 3076K, committed 3264K, reserved 1048576K
}
Event: 20.940 GC heap before
{Heap before GC invocations=15 (full 0):
 garbage-first heap   total 105472K, used 74240K [0x0000000085800000, 0x0000000100000000)
  region size 1024K, 17 young (17408K), 1 survivors (1024K)
 Metaspace       used 27644K, committed 27968K, reserved 1114112K
  class space    used 3076K, committed 3264K, reserved 1048576K
}
Event: 20.956 GC heap after
{Heap after GC invocations=16 (full 0):
 garbage-first heap   total 105472K, used 63984K [0x0000000085800000, 0x0000000100000000)
  region size 1024K, 3 young (3072K), 3 survivors (3072K)
 Metaspace       used 27644K, committed 27968K, reserved 1114112K
  class space    used 3076K, committed 3264K, reserved 1048576K
}
Event: 21.822 GC heap before
{Heap before GC invocations=17 (full 0):
 garbage-first heap   total 105472K, used 73200K [0x0000000085800000, 0x0000000100000000)
  region size 1024K, 17 young (17408K), 3 survivors (3072K)
 Metaspace       used 26305K, committed 26816K, reserved 1114112K
  class space    used 2891K, committed 3136K, reserved 1048576K
}
Event: 21.838 GC heap after
{Heap after GC invocations=18 (full 0):
 garbage-first heap   total 105472K, used 62150K [0x0000000085800000, 0x0000000100000000)
  region size 1024K, 3 young (3072K), 3 survivors (3072K)
 Metaspace       used 26305K, committed 26816K, reserved 1114112K
  class space    used 2891K, committed 3136K, reserved 1048576K
}
Event: 21.917 GC heap before
{Heap before GC invocations=18 (full 0):
 garbage-first heap   total 105472K, used 63174K [0x0000000085800000, 0x0000000100000000)
  region size 1024K, 5 young (5120K), 3 survivors (3072K)
 Metaspace       used 26411K, committed 26816K, reserved 1114112K
  class space    used 2904K, committed 3136K, reserved 1048576K
}
Event: 21.928 GC heap after
{Heap after GC invocations=19 (full 0):
 garbage-first heap   total 211968K, used 57119K [0x0000000085800000, 0x0000000100000000)
  region size 1024K, 1 young (1024K), 1 survivors (1024K)
 Metaspace       used 26411K, committed 26816K, reserved 1114112K
  class space    used 2904K, committed 3136K, reserved 1048576K
}
Event: 25.282 GC heap before
{Heap before GC invocations=19 (full 0):
 garbage-first heap   total 211968K, used 113439K [0x0000000085800000, 0x0000000100000000)
  region size 1024K, 57 young (58368K), 1 survivors (1024K)
 Metaspace       used 30321K, committed 30656K, reserved 1114112K
  class space    used 3363K, committed 3520K, reserved 1048576K
}
Event: 25.294 GC heap after
{Heap after GC invocations=20 (full 0):
 garbage-first heap   total 211968K, used 59111K [0x0000000085800000, 0x0000000100000000)
  region size 1024K, 3 young (3072K), 3 survivors (3072K)
 Metaspace       used 30321K, committed 30656K, reserved 1114112K
  class space    used 3363K, committed 3520K, reserved 1048576K
}

