# JRE version: Java(TM) SE Runtime Environment (17.0.12+8) (build 17.0.12+8-LTS-286)
# Java VM: Java HotSpot(TM) 64-Bit Server VM (17.0.12+8-LTS-286, mixed mode, sharing, tiered, compressed oops, compressed class ptrs, g1 gc, windows-amd64)
GC Precious Log:
 CPUs: 2 total, 2 available
 Memory: 7832M
 Large Page Support: Disabled
 NUMA Support: Disabled
 Compressed Oops: Enabled (32-bit)
 Heap Region Size: 1M
 Heap Min Capacity: 8M
 Heap Initial Capacity: 124M
 Heap Max Capacity: 1960M
 Pre-touch: Disabled
 Parallel Workers: 2
 Concurrent Workers: 1
 Concurrent Refinement Workers: 2
 Periodic GC: Disabled
Heap:
 garbage-first heap   total 68608K, used 43005K [0x0000000085800000, 0x0000000100000000)
  region size 1024K, 12 young (12288K), 2 survivors (2048K)
 Metaspace       used 60814K, committed 61376K, reserved 1114112K
  class space    used 8456K, committed 8704K, reserved 1048576K
GC Heap History (20 events):
Event: 28.686 GC heap before
{Heap before GC invocations=7 (full 0):
 garbage-first heap   total 68608K, used 58588K [0x0000000085800000, 0x0000000100000000)
  region size 1024K, 40 young (40960K), 1 survivors (1024K)
 Metaspace       used 26104K, committed 26432K, reserved 1114112K
  class space    used 3293K, committed 3456K, reserved 1048576K
}
Event: 28.701 GC heap after
{Heap after GC invocations=8 (full 0):
 garbage-first heap   total 68608K, used 22748K [0x0000000085800000, 0x0000000100000000)
  region size 1024K, 4 young (4096K), 4 survivors (4096K)
 Metaspace       used 26104K, committed 26432K, reserved 1114112K
  class space    used 3293K, committed 3456K, reserved 1048576K
}
Event: 28.766 GC heap before
{Heap before GC invocations=8 (full 0):
 garbage-first heap   total 68608K, used 23772K [0x0000000085800000, 0x0000000100000000)
  region size 1024K, 5 young (5120K), 4 survivors (4096K)
 Metaspace       used 26120K, committed 26432K, reserved 1114112K
  class space    used 3294K, committed 3456K, reserved 1048576K
}
Event: 28.778 GC heap after
{Heap after GC invocations=9 (full 0):
 garbage-first heap   total 68608K, used 23327K [0x0000000085800000, 0x0000000100000000)
  region size 1024K, 1 young (1024K), 1 survivors (1024K)
 Metaspace       used 26120K, committed 26432K, reserved 1114112K
  class space    used 3294K, committed 3456K, reserved 1048576K
}
Event: 33.840 GC heap before
{Heap before GC invocations=9 (full 0):
 garbage-first heap   total 68608K, used 50975K [0x0000000085800000, 0x0000000100000000)
  region size 1024K, 28 young (28672K), 1 survivors (1024K)
 Metaspace       used 28440K, committed 28864K, reserved 1114112K
  class space    used 3626K, committed 3840K, reserved 1048576K
}
Event: 33.849 GC heap after
{Heap after GC invocations=10 (full 0):
 garbage-first heap   total 68608K, used 24814K [0x0000000085800000, 0x0000000100000000)
  region size 1024K, 3 young (3072K), 3 survivors (3072K)
 Metaspace       used 28440K, committed 28864K, reserved 1114112K
  class space    used 3626K, committed 3840K, reserved 1048576K
}
Event: 49.646 GC heap before
{Heap before GC invocations=10 (full 0):
 garbage-first heap   total 68608K, used 52462K [0x0000000085800000, 0x0000000100000000)
  region size 1024K, 30 young (30720K), 3 survivors (3072K)
 Metaspace       used 31903K, committed 32256K, reserved 1114112K
  class space    used 4232K, committed 4416K, reserved 1048576K
}
Event: 49.658 GC heap after
{Heap after GC invocations=11 (full 0):
 garbage-first heap   total 68608K, used 26623K [0x0000000085800000, 0x0000000100000000)
  region size 1024K, 4 young (4096K), 4 survivors (4096K)
 Metaspace       used 31903K, committed 32256K, reserved 1114112K
  class space    used 4232K, committed 4416K, reserved 1048576K
}
Event: 56.703 GC heap before
{Heap before GC invocations=11 (full 0):
 garbage-first heap   total 68608K, used 45055K [0x0000000085800000, 0x0000000100000000)
  region size 1024K, 24 young (24576K), 4 survivors (4096K)
 Metaspace       used 35571K, committed 35968K, reserved 1114112K
  class space    used 4695K, committed 4928K, reserved 1048576K
}
Event: 56.724 GC heap after
{Heap after GC invocations=12 (full 0):
 garbage-first heap   total 68608K, used 28063K [0x0000000085800000, 0x0000000100000000)
  region size 1024K, 4 young (4096K), 4 survivors (4096K)
 Metaspace       used 35571K, committed 35968K, reserved 1114112K
  class space    used 4695K, committed 4928K, reserved 1048576K
}
Event: 61.239 GC heap before
{Heap before GC invocations=13 (full 0):
 garbage-first heap   total 68608K, used 52639K [0x0000000085800000, 0x0000000100000000)
  region size 1024K, 29 young (29696K), 4 survivors (4096K)
 Metaspace       used 39456K, committed 39936K, reserved 1114112K
  class space    used 5231K, committed 5440K, reserved 1048576K
}
Event: 61.255 GC heap after
{Heap after GC invocations=14 (full 0):
 garbage-first heap   total 68608K, used 29552K [0x0000000085800000, 0x0000000100000000)
  region size 1024K, 4 young (4096K), 4 survivors (4096K)
 Metaspace       used 39456K, committed 39936K, reserved 1114112K
  class space    used 5231K, committed 5440K, reserved 1048576K
}
Event: 64.131 GC heap before
{Heap before GC invocations=14 (full 0):
 garbage-first heap   total 68608K, used 53104K [0x0000000085800000, 0x0000000100000000)
  region size 1024K, 28 young (28672K), 4 survivors (4096K)
 Metaspace       used 45141K, committed 45568K, reserved 1114112K
  class space    used 6139K, committed 6336K, reserved 1048576K
}
Event: 64.147 GC heap after
{Heap after GC invocations=15 (full 0):
 garbage-first heap   total 68608K, used 30665K [0x0000000085800000, 0x0000000100000000)
  region size 1024K, 3 young (3072K), 3 survivors (3072K)
 Metaspace       used 45141K, committed 45568K, reserved 1114112K
  class space    used 6139K, committed 6336K, reserved 1048576K
}
Event: 67.616 GC heap before
{Heap before GC invocations=15 (full 0):
 garbage-first heap   total 68608K, used 55241K [0x0000000085800000, 0x0000000100000000)
  region size 1024K, 27 young (27648K), 3 survivors (3072K)
 Metaspace       used 50662K, committed 51136K, reserved 1114112K
  class space    used 6839K, committed 7104K, reserved 1048576K
}
Event: 67.629 GC heap after
{Heap after GC invocations=16 (full 0):
 garbage-first heap   total 68608K, used 32188K [0x0000000085800000, 0x0000000100000000)
  region size 1024K, 3 young (3072K), 3 survivors (3072K)
 Metaspace       used 50662K, committed 51136K, reserved 1114112K
  class space    used 6839K, committed 7104K, reserved 1048576K
}
Event: 72.060 GC heap before
{Heap before GC invocations=16 (full 0):
 garbage-first heap   total 68608K, used 54716K [0x0000000085800000, 0x0000000100000000)
  region size 1024K, 26 young (26624K), 3 survivors (3072K)
 Metaspace       used 56810K, committed 57280K, reserved 1114112K
  class space    used 7839K, committed 8064K, reserved 1048576K
}
Event: 72.073 GC heap after
{Heap after GC invocations=17 (full 0):
 garbage-first heap   total 68608K, used 33398K [0x0000000085800000, 0x0000000100000000)
  region size 1024K, 3 young (3072K), 3 survivors (3072K)
 Metaspace       used 56810K, committed 57280K, reserved 1114112K
  class space    used 7839K, committed 8064K, reserved 1048576K
}
Event: 74.062 GC heap before
{Heap before GC invocations=17 (full 0):
 garbage-first heap   total 68608K, used 44662K [0x0000000085800000, 0x0000000100000000)
  region size 1024K, 16 young (16384K), 3 survivors (3072K)
 Metaspace       used 59623K, committed 60160K, reserved 1114112K
  class space    used 8285K, committed 8576K, reserved 1048576K
}
Event: 74.075 GC heap after
{Heap after GC invocations=18 (full 0):
 garbage-first heap   total 68608K, used 33789K [0x0000000085800000, 0x0000000100000000)
  region size 1024K, 2 young (2048K), 2 survivors (2048K)
 Metaspace       used 59623K, committed 60160K, reserved 1114112K
  class space    used 8285K, committed 8576K, reserved 1048576K
}

